2025-05-07 09:58:35 INFO  o.h.validator.internal.util.Version - HV000001: Hibernate Validator 8.0.1.Final
2025-05-07 09:58:35 WARN  o.s.b.t.j.DuplicateJsonObjectContextCustomizerFactory$DuplicateJsonObjectContextCustomizer - 

Found multiple occurrences of org.json.JSONObject on the class path:

	jar:file:/root/.m2/repository/com/vaadin/external/google/android-json/0.0.20131108.vaadin1/android-json-0.0.20131108.vaadin1.jar!/org/json/JSONObject.class
	jar:file:/root/.m2/repository/org/json/json/20090211/json-20090211.jar!/org/json/JSONObject.class

You may wish to exclude one of them to ensure predictable runtime behavior

2025-05-07 09:58:35 INFO  com.skilladmin.DemoApplicationTests - Starting DemoApplicationTests using Java 17.0.14 with PID 1927 (started by root in /home/ubuntu/SkillPilotBackend)
2025-05-07 09:58:35 INFO  com.skilladmin.DemoApplicationTests - No active profile set, falling back to 1 default profile: "default"
2025-05-07 09:58:36 INFO  o.s.d.r.c.RepositoryConfigurationDelegate - Bootstrapping Spring Data JPA repositories in DEFAULT mode.
2025-05-07 09:58:37 INFO  o.s.d.r.c.RepositoryConfigurationDelegate - Finished Spring Data repository scanning in 344 ms. Found 56 JPA repository interfaces.
2025-05-07 09:58:37 WARN  o.s.c.s.PostProcessorRegistrationDelegate$BeanPostProcessorChecker - Bean 'org.springframework.ws.config.annotation.DelegatingWsConfiguration' of type [org.springframework.ws.config.annotation.DelegatingWsConfiguration$$SpringCGLIB$$0] is not eligible for getting processed by all BeanPostProcessors (for example: not eligible for auto-proxying). The currently created BeanPostProcessor [annotationActionEndpointMapping] is declared through a non-static factory method on that class; consider declaring it as static instead.
2025-05-07 09:58:38 INFO  o.s.w.s.a.s.AnnotationActionEndpointMapping - Supporting [WS-Addressing August 2004, WS-Addressing 1.0]
2025-05-07 09:58:38 INFO  o.h.jpa.internal.util.LogHelper - HHH000204: Processing PersistenceUnitInfo [name: default]
2025-05-07 09:58:38 INFO  org.hibernate.Version - HHH000412: Hibernate ORM core version 6.5.2.Final
2025-05-07 09:58:38 INFO  o.h.c.i.RegionFactoryInitiator - HHH000026: Second-level cache disabled
2025-05-07 09:58:38 INFO  o.s.o.j.p.SpringPersistenceUnitInfo - No LoadTimeWeaver setup: ignoring JPA class transformer
2025-05-07 09:58:38 INFO  com.zaxxer.hikari.HikariDataSource - HikariPool-1 - Starting...
2025-05-07 09:58:39 INFO  com.zaxxer.hikari.pool.HikariPool - HikariPool-1 - Added connection com.mysql.cj.jdbc.ConnectionImpl@7f64bd7
2025-05-07 09:58:39 INFO  com.zaxxer.hikari.HikariDataSource - HikariPool-1 - Start completed.
2025-05-07 09:58:39 WARN  org.hibernate.orm.deprecation - HHH90000025: MySQL8Dialect does not need to be specified explicitly using 'hibernate.dialect' (remove the property setting and it will be selected by default)
2025-05-07 09:58:39 WARN  org.hibernate.orm.deprecation - HHH90000026: MySQL8Dialect has been deprecated; use org.hibernate.dialect.MySQLDialect instead
2025-05-07 09:58:42 INFO  o.h.e.t.j.p.i.JtaPlatformInitiator - HHH000489: No JTA platform available (set 'hibernate.transaction.jta.platform' to enable JTA platform integration)
2025-05-07 09:58:42 DEBUG org.hibernate.SQL - 
    alter table advertisements_comp 
       modify column description TEXT
2025-05-07 09:58:42 DEBUG org.hibernate.SQL - 
    alter table college_data4 
       modify column logo mediumblob
2025-05-07 09:58:42 DEBUG org.hibernate.SQL - 
    alter table company_data2 
       modify column about LONGTEXT
2025-05-07 09:58:42 DEBUG org.hibernate.SQL - 
    alter table company_data2 
       modify column logo mediumblob
2025-05-07 09:58:42 DEBUG org.hibernate.SQL - 
    alter table company_drive 
       modify column job_description text
2025-05-07 09:58:42 DEBUG org.hibernate.SQL - 
    alter table question 
       modify column question_text TEXT
2025-05-07 09:58:42 DEBUG org.hibernate.SQL - 
    alter table rating 
       modify column suggestion TEXT
2025-05-07 09:58:42 DEBUG org.hibernate.SQL - 
    alter table recruitment_details 
       modify column job_description text
2025-05-07 09:58:42 DEBUG org.hibernate.SQL - 
    alter table student_data 
       modify column photo mediumblob
2025-05-07 09:58:42 DEBUG org.hibernate.SQL - 
    alter table trainee_payment_details 
       modify column pdf mediumblob
2025-05-07 09:58:42 DEBUG org.hibernate.SQL - 
    alter table user 
       modify column signature mediumblob
2025-05-07 09:58:43 INFO  o.s.o.j.LocalContainerEntityManagerFactoryBean - Initialized JPA EntityManagerFactory for persistence unit 'default'
2025-05-07 09:58:43 INFO  o.s.d.j.r.query.QueryEnhancerFactory - Hibernate is in classpath; If applicable, HQL parser will be used.
2025-05-07 09:58:45 INFO  o.s.s.c.a.a.c.InitializeAuthenticationProviderBeanManagerConfigurer$InitializeAuthenticationProviderManagerConfigurer - Global AuthenticationManager configured with AuthenticationProvider bean with name authenticationProvider
2025-05-07 09:58:45 WARN  o.s.s.c.a.a.c.InitializeUserDetailsBeanManagerConfigurer$InitializeUserDetailsManagerConfigurer - Global AuthenticationManager configured with an AuthenticationProvider bean. UserDetailsService beans will not be used for username/password login. Consider removing the AuthenticationProvider bean. Alternatively, consider using the UserDetailsService in a manually instantiated DaoAuthenticationProvider.
2025-05-07 09:58:47 WARN  o.s.b.a.o.j.JpaBaseConfiguration$JpaWebConfiguration - spring.jpa.open-in-view is enabled by default. Therefore, database queries may be performed during view rendering. Explicitly configure spring.jpa.open-in-view to disable this warning
2025-05-07 09:58:47 INFO  o.s.s.web.DefaultSecurityFilterChain - Will secure any request with [org.springframework.security.web.session.DisableEncodeUrlFilter@8717557, org.springframework.security.web.context.request.async.WebAsyncManagerIntegrationFilter@6626282a, org.springframework.security.web.context.SecurityContextHolderFilter@7494e6c7, org.springframework.security.web.header.HeaderWriterFilter@71a88a2e, org.springframework.web.filter.CorsFilter@117f2a90, org.springframework.security.web.authentication.logout.LogoutFilter@7fb4df04, com.skilladmin.config.Jwtvalidator@79f3d15f, org.springframework.security.web.savedrequest.RequestCacheAwareFilter@14335c47, org.springframework.security.web.servletapi.SecurityContextHolderAwareRequestFilter@24487ac9, org.springframework.security.web.authentication.AnonymousAuthenticationFilter@2e36a063, org.springframework.security.web.session.SessionManagementFilter@53dee7a2, org.springframework.security.web.access.ExceptionTranslationFilter@2dadf047, org.springframework.security.web.access.intercept.AuthorizationFilter@4095c586]
2025-05-07 09:58:48 INFO  com.skilladmin.DemoApplicationTests - Started DemoApplicationTests in 14.106 seconds (process running for 15.563)
2025-05-07 09:58:48 DEBUG org.hibernate.SQL - 
    /* dynamic native SQL query */ SELECT
        * 
    FROM
        recruitment_status r 
    WHERE
        STR_TO_DATE(CONCAT(r.round_date, ' ', r.round_time), '%Y-%m-%d %H:%i') BETWEEN ? AND ? 
2025-05-07 09:58:49 INFO  o.s.o.j.LocalContainerEntityManagerFactoryBean - Closing JPA EntityManagerFactory for persistence unit 'default'
2025-05-07 09:58:49 INFO  com.zaxxer.hikari.HikariDataSource - HikariPool-1 - Shutdown initiated...
2025-05-07 09:58:49 INFO  com.zaxxer.hikari.HikariDataSource - HikariPool-1 - Shutdown completed.
